build/app/intermediates/manifest_merge_blame_file/debug/manifest-merger-blame-debug-report.txt
1<?xml version="1.0" encoding="utf-8"?>
2<manifest xmlns:android="http://schemas.android.com/apk/res/android"
3    package="com.example.dev_jobs"
4    android:versionCode="1"
5    android:versionName="1.0.0" >
6
7    <uses-sdk
8        android:minSdkVersion="16"
9        android:targetSdkVersion="28" />
10    <!--
11         Flutter needs it to communicate with the running application
12         to allow setting breakpoints, to provide hot reload, etc.
13    -->
14    <uses-permission android:name="android.permission.INTERNET" />
14-->src\debug\AndroidManifest.xml:6:5-66
14-->src\debug\AndroidManifest.xml:6:22-64
15    <!-- Although the *SdkVersion is captured in gradle build files, this is required for non gradle builds -->
16    <!-- <uses-sdk android:minSdkVersion="14"/> -->
17    <uses-permission android:name="android.permission.ACCESS_NETWORK_STATE" />
17-->[com.google.firebase:firebase-storage:19.1.0] AndroidManifest.xml:26:5-79
17-->[com.google.firebase:firebase-storage:19.1.0] AndroidManifest.xml:26:22-76
18    <uses-permission android:name="android.permission.WAKE_LOCK" /> <!-- Required by older versions of Google Play services to create IID tokens -->
18-->[com.google.android.gms:play-services-measurement-api:17.2.2] AndroidManifest.xml:24:5-68
18-->[com.google.android.gms:play-services-measurement-api:17.2.2] AndroidManifest.xml:24:22-65
19    <uses-permission android:name="com.google.android.c2dm.permission.RECEIVE" />
19-->[com.google.firebase:firebase-iid:20.0.2] AndroidManifest.xml:26:5-82
19-->[com.google.firebase:firebase-iid:20.0.2] AndroidManifest.xml:26:22-79
20    <uses-permission android:name="com.google.android.finsky.permission.BIND_GET_INSTALL_REFERRER_SERVICE" />
20-->[com.google.android.gms:play-services-measurement:17.2.2] AndroidManifest.xml:26:5-110
20-->[com.google.android.gms:play-services-measurement:17.2.2] AndroidManifest.xml:26:22-107
21    <!--
22 io.flutter.app.FlutterApplication is an android.app.Application that
23         calls FlutterMain.startInitialization(this); in its onCreate method.
24         In most cases you can leave this as-is, but you if you want to provide
25         additional functionality it is fine to subclass or reimplement
26         FlutterApplication and put your custom class here.
27    -->
28    <application
28-->src\main\AndroidManifest.xml:8:5-29:19
29        android:name="io.flutter.app.FlutterApplication"
29-->src\main\AndroidManifest.xml:9:9-57
30        android:appComponentFactory="androidx.core.app.CoreComponentFactory"
30-->[androidx.core:core:1.1.0] AndroidManifest.xml:24:18-86
31        android:debuggable="true"
32        android:icon="@mipmap/ic_launcher"
32-->src\main\AndroidManifest.xml:11:9-43
33        android:label="dev_jobs" >
33-->src\main\AndroidManifest.xml:10:9-33
34        <activity
34-->src\main\AndroidManifest.xml:12:9-23:20
35            android:name="com.example.dev_jobs.MainActivity"
35-->src\main\AndroidManifest.xml:13:13-41
36            android:configChanges="orientation|keyboardHidden|keyboard|screenSize|smallestScreenSize|locale|layoutDirection|fontScale|screenLayout|density|uiMode"
36-->src\main\AndroidManifest.xml:16:13-163
37            android:hardwareAccelerated="true"
37-->src\main\AndroidManifest.xml:17:13-47
38            android:launchMode="singleTop"
38-->src\main\AndroidManifest.xml:14:13-43
39            android:theme="@style/LaunchTheme"
39-->src\main\AndroidManifest.xml:15:13-47
40            android:windowSoftInputMode="adjustResize" >
40-->src\main\AndroidManifest.xml:18:13-55
41            <intent-filter>
41-->src\main\AndroidManifest.xml:19:13-22:29
42                <action android:name="android.intent.action.MAIN" />
42-->src\main\AndroidManifest.xml:20:17-68
42-->src\main\AndroidManifest.xml:20:25-66
43
44                <category android:name="android.intent.category.LAUNCHER" />
44-->src\main\AndroidManifest.xml:21:17-76
44-->src\main\AndroidManifest.xml:21:27-74
45            </intent-filter>
46        </activity>
47        <!--
48             Don't delete the meta-data below.
49             This is used by the Flutter tool to generate GeneratedPluginRegistrant.java
50        -->
51        <meta-data
51-->src\main\AndroidManifest.xml:26:9-28:33
52            android:name="flutterEmbedding"
52-->src\main\AndroidManifest.xml:27:13-44
53            android:value="2" />
53-->src\main\AndroidManifest.xml:28:13-30
54
55        <service
55-->[:cloud_firestore] AndroidManifest.xml:8:9-12:19
56            android:name="com.google.firebase.components.ComponentDiscoveryService"
56-->[:cloud_firestore] AndroidManifest.xml:8:18-89
57            android:directBootAware="true"
57-->[com.google.firebase:firebase-common:19.3.0] AndroidManifest.xml:34:13-43
58            android:exported="false" >
58-->[com.google.firebase:firebase-storage:19.1.0] AndroidManifest.xml:32:13-37
59            <meta-data
59-->[:cloud_firestore] AndroidManifest.xml:9:13-11:85
60                android:name="com.google.firebase.components:io.flutter.plugins.firebase.cloudfirestore.FlutterFirebaseAppRegistrar"
60-->[:cloud_firestore] AndroidManifest.xml:10:17-133
61                android:value="com.google.firebase.components.ComponentRegistrar" />
61-->[:cloud_firestore] AndroidManifest.xml:11:17-82
62            <meta-data
62-->[:firebase_core] AndroidManifest.xml:9:13-11:85
63                android:name="com.google.firebase.components:io.flutter.plugins.firebase.core.FlutterFirebaseAppRegistrar"
63-->[:firebase_core] AndroidManifest.xml:10:17-123
64                android:value="com.google.firebase.components.ComponentRegistrar" />
64-->[:firebase_core] AndroidManifest.xml:11:17-82
65            <meta-data
65-->[com.google.firebase:firebase-storage:19.1.0] AndroidManifest.xml:33:13-35:85
66                android:name="com.google.firebase.components:com.google.firebase.storage.StorageRegistrar"
66-->[com.google.firebase:firebase-storage:19.1.0] AndroidManifest.xml:34:17-107
67                android:value="com.google.firebase.components.ComponentRegistrar" />
67-->[com.google.firebase:firebase-storage:19.1.0] AndroidManifest.xml:35:17-82
68            <meta-data
68-->[com.google.firebase:firebase-firestore:21.3.0] AndroidManifest.xml:20:13-22:85
69                android:name="com.google.firebase.components:com.google.firebase.firestore.FirestoreRegistrar"
69-->[com.google.firebase:firebase-firestore:21.3.0] AndroidManifest.xml:21:17-111
70                android:value="com.google.firebase.components.ComponentRegistrar" />
70-->[com.google.firebase:firebase-firestore:21.3.0] AndroidManifest.xml:22:17-82
71            <meta-data
71-->[com.google.android.gms:play-services-measurement-api:17.2.2] AndroidManifest.xml:30:13-32:85
72                android:name="com.google.firebase.components:com.google.firebase.analytics.connector.internal.AnalyticsConnectorRegistrar"
72-->[com.google.android.gms:play-services-measurement-api:17.2.2] AndroidManifest.xml:31:17-139
73                android:value="com.google.firebase.components.ComponentRegistrar" />
73-->[com.google.android.gms:play-services-measurement-api:17.2.2] AndroidManifest.xml:32:17-82
74            <meta-data
74-->[com.google.firebase:firebase-iid:20.0.2] AndroidManifest.xml:32:13-34:85
75                android:name="com.google.firebase.components:com.google.firebase.iid.Registrar"
75-->[com.google.firebase:firebase-iid:20.0.2] AndroidManifest.xml:33:17-96
76                android:value="com.google.firebase.components.ComponentRegistrar" />
76-->[com.google.firebase:firebase-iid:20.0.2] AndroidManifest.xml:34:17-82
77        </service>
78
79        <receiver
79-->[com.google.firebase:firebase-iid:20.0.2] AndroidManifest.xml:37:9-44:20
80            android:name="com.google.firebase.iid.FirebaseInstanceIdReceiver"
80-->[com.google.firebase:firebase-iid:20.0.2] AndroidManifest.xml:38:13-78
81            android:exported="true"
81-->[com.google.firebase:firebase-iid:20.0.2] AndroidManifest.xml:39:13-36
82            android:permission="com.google.android.c2dm.permission.SEND" >
82-->[com.google.firebase:firebase-iid:20.0.2] AndroidManifest.xml:40:13-73
83            <intent-filter>
83-->[com.google.firebase:firebase-iid:20.0.2] AndroidManifest.xml:41:13-43:29
84                <action android:name="com.google.android.c2dm.intent.RECEIVE" />
84-->[com.google.firebase:firebase-iid:20.0.2] AndroidManifest.xml:42:17-81
84-->[com.google.firebase:firebase-iid:20.0.2] AndroidManifest.xml:42:25-78
85            </intent-filter>
86        </receiver>
87
88        <activity
88-->[com.google.android.gms:play-services-base:17.0.0] AndroidManifest.xml:23:9-26:75
89            android:name="com.google.android.gms.common.api.GoogleApiActivity"
89-->[com.google.android.gms:play-services-base:17.0.0] AndroidManifest.xml:24:13-79
90            android:exported="false"
90-->[com.google.android.gms:play-services-base:17.0.0] AndroidManifest.xml:25:13-37
91            android:theme="@android:style/Theme.Translucent.NoTitleBar" />
91-->[com.google.android.gms:play-services-base:17.0.0] AndroidManifest.xml:26:13-72
92
93        <provider
93-->[com.google.firebase:firebase-common:19.3.0] AndroidManifest.xml:26:9-30:39
94            android:name="com.google.firebase.provider.FirebaseInitProvider"
94-->[com.google.firebase:firebase-common:19.3.0] AndroidManifest.xml:27:13-77
95            android:authorities="com.example.dev_jobs.firebaseinitprovider"
95-->[com.google.firebase:firebase-common:19.3.0] AndroidManifest.xml:28:13-72
96            android:exported="false"
96-->[com.google.firebase:firebase-common:19.3.0] AndroidManifest.xml:29:13-37
97            android:initOrder="100" />
97-->[com.google.firebase:firebase-common:19.3.0] AndroidManifest.xml:30:13-36
98
99        <receiver
99-->[com.google.android.gms:play-services-measurement:17.2.2] AndroidManifest.xml:29:9-33:20
100            android:name="com.google.android.gms.measurement.AppMeasurementReceiver"
100-->[com.google.android.gms:play-services-measurement:17.2.2] AndroidManifest.xml:30:13-85
101            android:enabled="true"
101-->[com.google.android.gms:play-services-measurement:17.2.2] AndroidManifest.xml:31:13-35
102            android:exported="false" >
102-->[com.google.android.gms:play-services-measurement:17.2.2] AndroidManifest.xml:32:13-37
103        </receiver>
104        <receiver
104-->[com.google.android.gms:play-services-measurement:17.2.2] AndroidManifest.xml:34:9-42:20
105            android:name="com.google.android.gms.measurement.AppMeasurementInstallReferrerReceiver"
105-->[com.google.android.gms:play-services-measurement:17.2.2] AndroidManifest.xml:35:13-100
106            android:enabled="true"
106-->[com.google.android.gms:play-services-measurement:17.2.2] AndroidManifest.xml:36:13-35
107            android:exported="true"
107-->[com.google.android.gms:play-services-measurement:17.2.2] AndroidManifest.xml:37:13-36
108            android:permission="android.permission.INSTALL_PACKAGES" >
108-->[com.google.android.gms:play-services-measurement:17.2.2] AndroidManifest.xml:38:13-69
109            <intent-filter>
109-->[com.google.android.gms:play-services-measurement:17.2.2] AndroidManifest.xml:39:13-41:29
110                <action android:name="com.android.vending.INSTALL_REFERRER" />
110-->[com.google.android.gms:play-services-measurement:17.2.2] AndroidManifest.xml:40:17-79
110-->[com.google.android.gms:play-services-measurement:17.2.2] AndroidManifest.xml:40:25-76
111            </intent-filter>
112        </receiver>
113
114        <service
114-->[com.google.android.gms:play-services-measurement:17.2.2] AndroidManifest.xml:44:9-47:40
115            android:name="com.google.android.gms.measurement.AppMeasurementService"
115-->[com.google.android.gms:play-services-measurement:17.2.2] AndroidManifest.xml:45:13-84
116            android:enabled="true"
116-->[com.google.android.gms:play-services-measurement:17.2.2] AndroidManifest.xml:46:13-35
117            android:exported="false" />
117-->[com.google.android.gms:play-services-measurement:17.2.2] AndroidManifest.xml:47:13-37
118        <service
118-->[com.google.android.gms:play-services-measurement:17.2.2] AndroidManifest.xml:48:9-52:72
119            android:name="com.google.android.gms.measurement.AppMeasurementJobService"
119-->[com.google.android.gms:play-services-measurement:17.2.2] AndroidManifest.xml:49:13-87
120            android:enabled="true"
120-->[com.google.android.gms:play-services-measurement:17.2.2] AndroidManifest.xml:50:13-35
121            android:exported="false"
121-->[com.google.android.gms:play-services-measurement:17.2.2] AndroidManifest.xml:51:13-37
122            android:permission="android.permission.BIND_JOB_SERVICE" />
122-->[com.google.android.gms:play-services-measurement:17.2.2] AndroidManifest.xml:52:13-69
123
124        <meta-data
124-->[com.google.android.gms:play-services-basement:17.0.0] AndroidManifest.xml:23:9-25:69
125            android:name="com.google.android.gms.version"
125-->[com.google.android.gms:play-services-basement:17.0.0] AndroidManifest.xml:24:13-58
126            android:value="@integer/google_play_services_version" />
126-->[com.google.android.gms:play-services-basement:17.0.0] AndroidManifest.xml:25:13-66
127    </application>
128
129</manifest>